c:\app\customengine\gameengine\gameengine\x64\debug\vc143.pdb
c:\app\customengine\gameengine\gameengine\x64\debug\vc143.idb
c:\app\customengine\gameengine\gameengine\x64\debug\main.obj
c:\app\customengine\gameengine\gameengine\x64\debug\input.obj
c:\app\customengine\gameengine\gameengine\x64\debug\renderer.obj
c:\app\customengine\gameengine\gameengine\x64\debug\entity.obj
c:\app\customengine\gameengine\gameengine\x64\debug\emptyscene.obj
c:\app\customengine\gameengine\gameengine\x64\debug\window.obj
c:\app\customengine\gameengine\gameengine\x64\debug\timer.obj
c:\app\customengine\gameengine\gameengine\x64\debug\scenemanager.obj
c:\app\customengine\gameengine\gameengine\x64\debug\scene.obj
c:\app\customengine\gameengine\gameengine\x64\debug\logger.obj
c:\app\customengine\gameengine\gameengine\x64\debug\application.obj
c:\app\customengine\gameengine\gameengine\x64\debug\vector3.obj
c:\app\customengine\gameengine\gameengine\x64\debug\vector2.obj
c:\app\customengine\gameengine\gameengine\x64\debug\transform.obj
c:\app\customengine\gameengine\gameengine\x64\debug\rotator.obj
c:\app\customengine\gameengine\x64\debug\gameengine.exe
c:\app\customengine\gameengine\x64\debug\gameengine.pdb
c:\app\customengine\gameengine\gameengine\x64\debug\gameengine.ilk
c:\app\customengine\gameengine\gameengine\x64\debug\gameengine.obj
c:\app\customengine\gameengine\gameengine\x64\debug\gameengine.tlog\cl.command.1.tlog
c:\app\customengine\gameengine\gameengine\x64\debug\gameengine.tlog\cl.items.tlog
c:\app\customengine\gameengine\gameengine\x64\debug\gameengine.tlog\cl.read.1.tlog
c:\app\customengine\gameengine\gameengine\x64\debug\gameengine.tlog\cl.write.1.tlog
c:\app\customengine\gameengine\gameengine\x64\debug\gameengine.tlog\link.command.1.tlog
c:\app\customengine\gameengine\gameengine\x64\debug\gameengine.tlog\link.read.1.tlog
c:\app\customengine\gameengine\gameengine\x64\debug\gameengine.tlog\link.secondary.1.tlog
c:\app\customengine\gameengine\gameengine\x64\debug\gameengine.tlog\link.write.1.tlog
